<?xml version="1.0" encoding="UTF-8"?>
<testsuite xmlns:xsi="http://www.w3.org/2001/XMLSchema-instance" xsi:noNamespaceSchemaLocation="https://maven.apache.org/surefire/maven-surefire-plugin/xsd/surefire-test-report-3.0.xsd" version="3.0" name="org.iquantum.util.MathUtilTest" time="0.002" tests="5" errors="0" skipped="0" failures="0">
  <properties>
[...]
</properties>
  <testcase name="testTrimZeroTail" classname="org.iquantum.util.MathUtilTest" time="0.001"/>
  <testcase name="testIqr" classname="org.iquantum.util.MathUtilTest" time="0.0"/>
  <testcase name="testMad" classname="org.iquantum.util.MathUtilTest" time="0.0"/>
  <testcase name="testSum" classname="org.iquantum.util.MathUtilTest" time="0.0"/>
  <testcase name="testCountNonZeroBeginning" classname="org.iquantum.util.MathUtilTest" time="0.0"/>
</testsuite>